# JRE version: Java(TM) SE Runtime Environment (8.0_121-b13) (build 1.8.0_121-b13)
# Java VM: Java HotSpot(TM) 64-Bit Server VM (25.121-b13 mixed mode windows-amd64 compressed oops)
Heap:
 PSYoungGen      total 62976K, used 36584K [0x00000000d5580000, 0x00000000d9d80000, 0x0000000100000000)
  eden space 56320K, 64% used [0x00000000d5580000,0x00000000d793a328,0x00000000d8c80000)
  from space 6656K, 0% used [0x00000000d9700000,0x00000000d9700000,0x00000000d9d80000)
  to   space 8704K, 0% used [0x00000000d8c80000,0x00000000d8c80000,0x00000000d9500000)
 ParOldGen       total 51200K, used 23159K [0x0000000080000000, 0x0000000083200000, 0x00000000d5580000)
  object space 51200K, 45% used [0x0000000080000000,0x000000008169dd08,0x0000000083200000)
 Metaspace       used 34370K, capacity 35876K, committed 36056K, reserved 1083392K
  class space    used 4698K, capacity 5003K, committed 5120K, reserved 1048576K
GC Heap History (10 events):
Event: 5.364 GC heap before
{Heap before GC invocations=8 (full 1):
 PSYoungGen      total 62976K, used 61580K [0x00000000d5580000, 0x00000000d9d80000, 0x0000000100000000)
  eden space 56320K, 100% used [0x00000000d5580000,0x00000000d8c80000,0x00000000d8c80000)
  from space 6656K, 79% used [0x00000000d9700000,0x00000000d9c231a8,0x00000000d9d80000)
  to   space 8704K, 0% used [0x00000000d8c80000,0x00000000d8c80000,0x00000000d9500000)
 ParOldGen       total 51200K, used 6847K [0x0000000080000000, 0x0000000083200000, 0x00000000d5580000)
  object space 51200K, 13% used [0x0000000080000000,0x00000000806afce8,0x0000000083200000)
 Metaspace       used 26098K, capacity 27130K, committed 27264K, reserved 1073152K
  class space    used 3574K, capacity 3842K, committed 3968K, reserved 1048576K
Event: 5.383 GC heap after
Heap after GC invocations=8 (full 1):
 PSYoungGen      total 65024K, used 8685K [0x00000000d5580000, 0x00000000d9d80000, 0x0000000100000000)
  eden space 56320K, 0% used [0x00000000d5580000,0x00000000d5580000,0x00000000d8c80000)
  from space 8704K, 99% used [0x00000000d8c80000,0x00000000d94fb570,0x00000000d9500000)
  to   space 6656K, 0% used [0x00000000d9700000,0x00000000d9700000,0x00000000d9d80000)
 ParOldGen       total 51200K, used 7653K [0x0000000080000000, 0x0000000083200000, 0x00000000d5580000)
  object space 51200K, 14% used [0x0000000080000000,0x0000000080779700,0x0000000083200000)
 Metaspace       used 26098K, capacity 27130K, committed 27264K, reserved 1073152K
  class space    used 3574K, capacity 3842K, committed 3968K, reserved 1048576K
}
Event: 6.003 GC heap before
{Heap before GC invocations=9 (full 1):
 PSYoungGen      total 65024K, used 65005K [0x00000000d5580000, 0x00000000d9d80000, 0x0000000100000000)
  eden space 56320K, 100% used [0x00000000d5580000,0x00000000d8c80000,0x00000000d8c80000)
  from space 8704K, 99% used [0x00000000d8c80000,0x00000000d94fb570,0x00000000d9500000)
  to   space 6656K, 0% used [0x00000000d9700000,0x00000000d9700000,0x00000000d9d80000)
 ParOldGen       total 51200K, used 7653K [0x0000000080000000, 0x0000000083200000, 0x00000000d5580000)
  object space 51200K, 14% used [0x0000000080000000,0x0000000080779700,0x0000000083200000)
 Metaspace       used 28835K, capacity 29880K, committed 30208K, reserved 1075200K
  class space    used 3989K, capacity 4247K, committed 4352K, reserved 1048576K
Event: 6.018 GC heap after
Heap after GC invocations=9 (full 1):
 PSYoungGen      total 62976K, used 6644K [0x00000000d5580000, 0x00000000d9d80000, 0x0000000100000000)
  eden space 56320K, 0% used [0x00000000d5580000,0x00000000d5580000,0x00000000d8c80000)
  from space 6656K, 99% used [0x00000000d9700000,0x00000000d9d7d030,0x00000000d9d80000)
  to   space 8704K, 0% used [0x00000000d8c80000,0x00000000d8c80000,0x00000000d9500000)
 ParOldGen       total 51200K, used 12316K [0x0000000080000000, 0x0000000083200000, 0x00000000d5580000)
  object space 51200K, 24% used [0x0000000080000000,0x0000000080c07168,0x0000000083200000)
 Metaspace       used 28835K, capacity 29880K, committed 30208K, reserved 1075200K
  class space    used 3989K, capacity 4247K, committed 4352K, reserved 1048576K
}
Event: 6.533 GC heap before
{Heap before GC invocations=10 (full 1):
 PSYoungGen      total 62976K, used 62964K [0x00000000d5580000, 0x00000000d9d80000, 0x0000000100000000)
  eden space 56320K, 100% used [0x00000000d5580000,0x00000000d8c80000,0x00000000d8c80000)
  from space 6656K, 99% used [0x00000000d9700000,0x00000000d9d7d030,0x00000000d9d80000)
  to   space 8704K, 0% used [0x00000000d8c80000,0x00000000d8c80000,0x00000000d9500000)
 ParOldGen       total 51200K, used 12316K [0x0000000080000000, 0x0000000083200000, 0x00000000d5580000)
  object space 51200K, 24% used [0x0000000080000000,0x0000000080c07168,0x0000000083200000)
 Metaspace       used 30823K, capacity 32294K, committed 32512K, reserved 1077248K
  class space    used 4266K, capacity 4584K, committed 4608K, reserved 1048576K
Event: 6.546 GC heap after
Heap after GC invocations=10 (full 1):
 PSYoungGen      total 65024K, used 7799K [0x00000000d5580000, 0x00000000d9d80000, 0x0000000100000000)
  eden space 56320K, 0% used [0x00000000d5580000,0x00000000d5580000,0x00000000d8c80000)
  from space 8704K, 89% used [0x00000000d8c80000,0x00000000d941dcb8,0x00000000d9500000)
  to   space 6656K, 0% used [0x00000000d9700000,0x00000000d9700000,0x00000000d9d80000)
 ParOldGen       total 51200K, used 14897K [0x0000000080000000, 0x0000000083200000, 0x00000000d5580000)
  object space 51200K, 29% used [0x0000000080000000,0x0000000080e8c4e8,0x0000000083200000)
 Metaspace       used 30823K, capacity 32294K, committed 32512K, reserved 1077248K
  class space    used 4266K, capacity 4584K, committed 4608K, reserved 1048576K
}
Event: 7.294 GC heap before
{Heap before GC invocations=11 (full 1):
 PSYoungGen      total 65024K, used 61865K [0x00000000d5580000, 0x00000000d9d80000, 0x0000000100000000)
  eden space 56320K, 95% used [0x00000000d5580000,0x00000000d8a4c950,0x00000000d8c80000)
  from space 8704K, 89% used [0x00000000d8c80000,0x00000000d941dcb8,0x00000000d9500000)
  to   space 6656K, 0% used [0x00000000d9700000,0x00000000d9700000,0x00000000d9d80000)
 ParOldGen       total 51200K, used 14897K [0x0000000080000000, 0x0000000083200000, 0x00000000d5580000)
  object space 51200K, 29% used [0x0000000080000000,0x0000000080e8c4e8,0x0000000083200000)
 Metaspace       used 33873K, capacity 35322K, committed 35416K, reserved 1083392K
  class space    used 4631K, capacity 4956K, committed 4992K, reserved 1048576K
Event: 7.311 GC heap after
Heap after GC invocations=11 (full 1):
 PSYoungGen      total 62976K, used 6649K [0x00000000d5580000, 0x00000000d9d80000, 0x0000000100000000)
  eden space 56320K, 0% used [0x00000000d5580000,0x00000000d5580000,0x00000000d8c80000)
  from space 6656K, 99% used [0x00000000d9700000,0x00000000d9d7e480,0x00000000d9d80000)
  to   space 8704K, 0% used [0x00000000d8c80000,0x00000000d8c80000,0x00000000d9500000)
 ParOldGen       total 51200K, used 22654K [0x0000000080000000, 0x0000000083200000, 0x00000000d5580000)
  object space 51200K, 44% used [0x0000000080000000,0x000000008161fa28,0x0000000083200000)
 Metaspace       used 33873K, capacity 35322K, committed 35416K, reserved 1083392K
  class space    used 4631K, capacity 4956K, committed 4992K, reserved 1048576K
}
Event: 7.311 GC heap before
{Heap before GC invocations=12 (full 2):
 PSYoungGen      total 62976K, used 6649K [0x00000000d5580000, 0x00000000d9d80000, 0x0000000100000000)
  eden space 56320K, 0% used [0x00000000d5580000,0x00000000d5580000,0x00000000d8c80000)
  from space 6656K, 99% used [0x00000000d9700000,0x00000000d9d7e480,0x00000000d9d80000)
  to   space 8704K, 0% used [0x00000000d8c80000,0x00000000d8c80000,0x00000000d9500000)
 ParOldGen       total 51200K, used 22654K [0x0000000080000000, 0x0000000083200000, 0x00000000d5580000)
  object space 51200K, 44% used [0x0000000080000000,0x000000008161fa28,0x0000000083200000)
 Metaspace       used 33873K, capacity 35322K, committed 35416K, reserved 1083392K
  class space    used 4631K, capacity 4956K, committed 4992K, reserved 1048576K
Event: 7.414 GC heap after
Heap after GC invocations=12 (full 2):
 PSYoungGen      total 62976K, used 0K [0x00000000d5580000, 0x00000000d9d80000, 0x0000000100000000)
  eden space 56320K, 0% used [0x00000000d5580000,0x00000000d5580000,0x00000000d8c80000)
  from space 6656K, 0% used [0x00000000d9700000,0x00000000d9700000,0x00000000d9d80000)
  to   space 8704K, 0% used [0x00000000d8c80000,0x00000000d8c80000,0x00000000d9500000)
 ParOldGen       total 51200K, used 23159K [0x0000000080000000, 0x0000000083200000, 0x00000000d5580000)
  object space 51200K, 45% used [0x0000000080000000,0x000000008169dd08,0x0000000083200000)
 Metaspace       used 33873K, capacity 35322K, committed 35416K, reserved 1083392K
  class space    used 4631K, capacity 4956K, committed 4992K, reserved 1048576K
}

